<?xml version="1.0" encoding="UTF-8"?>
<testng-results ignored="0" total="1" passed="1" failed="0" skipped="0">
  <reporter-output>
  </reporter-output>
  <suite started-at="2024-11-11T14:14:23 IST" name="Default suite" finished-at="2024-11-11T14:16:12 IST" duration-ms="109036">
    <groups>
    </groups>
    <test started-at="2024-11-11T14:14:23 IST" name="Default test" finished-at="2024-11-11T14:16:12 IST" duration-ms="109036">
      <class name="sel.interest.ClaculateInterestTest">
        <test-method signature="testInterestRateCalculator()[pri:0, instance:sel.interest.ClaculateInterestTest@25ce9dc4]" started-at="2024-11-11T14:14:23 IST" name="testInterestRateCalculator" finished-at="2024-11-11T14:16:12 IST" duration-ms="108968" status="PASS">
          <reporter-output>
          </reporter-output>
        </test-method> <!-- testInterestRateCalculator -->
      </class> <!-- sel.interest.ClaculateInterestTest -->
    </test> <!-- Default test -->
  </suite> <!-- Default suite -->
</testng-results>
